<?xml version="1.0" encoding="UTF-8"?>
<testsuite name="Cucumber" time="145.641" tests="12" skipped="0" failures="2" errors="0">
<testcase classname="Login functionality" name="Login with valid credentials verification - valid credentials - Example #1.1" time="19.602">
<system-out><![CDATA[
Given User is on the login page.............................................passed
When user inputs an email "salesmanager44@info.com".........................passed
And user inputs a password "salesmanager"...................................passed
And user clicks login button................................................passed
Then user should be on the homepage.........................................passed
]]></system-out>
</testcase>
<testcase classname="Login functionality" name="Login with valid credentials verification - valid credentials - Example #1.2" time="15.297">
<system-out><![CDATA[
Given User is on the login page.............................................passed
When user inputs an email "salesmanager7@info.com"..........................passed
And user inputs a password "salesmanager"...................................passed
And user clicks login button................................................passed
Then user should be on the homepage.........................................passed
]]></system-out>
</testcase>
<testcase classname="Login functionality" name="Login with valid credentials verification - valid credentials - Example #1.3" time="15.243">
<system-out><![CDATA[
Given User is on the login page.............................................passed
When user inputs an email "posmanager44@info.com"...........................passed
And user inputs a password "posmanager".....................................passed
And user clicks login button................................................passed
Then user should be on the homepage.........................................passed
]]></system-out>
</testcase>
<testcase classname="Login functionality" name="Login with valid credentials verification - valid credentials - Example #1.4" time="15.166">
<system-out><![CDATA[
Given User is on the login page.............................................passed
When user inputs an email "posmanager51@info.com"...........................passed
And user inputs a password "posmanager".....................................passed
And user clicks login button................................................passed
Then user should be on the homepage.........................................passed
]]></system-out>
</testcase>
<testcase classname="Login functionality" name="Wrong login message display verification - invalid Credentials - Example #1.1" time="10.81">
<system-out><![CDATA[
Given User is on the login page.............................................passed
When User inputs an email "salesmanage6@info.com"...........................passed
And User inputs a password "salesmanager"...................................passed
And User clicks login button................................................passed
Then user should see "Wrong login/password" is displayed....................passed
]]></system-out>
</testcase>
<testcase classname="Login functionality" name="Wrong login message display verification - invalid Credentials - Example #1.2" time="9.151">
<system-out><![CDATA[
Given User is on the login page.............................................passed
When User inputs an email "salesmanager100@info.com"........................passed
And User inputs a password "salesmanage"....................................passed
And User clicks login button................................................passed
Then user should see "Wrong login/password" is displayed....................passed
]]></system-out>
</testcase>
<testcase classname="Login functionality" name="Wrong login message display verification - invalid Credentials - Example #1.3" time="9.224">
<system-out><![CDATA[
Given User is on the login page.............................................passed
When User inputs an email "posmanager1@info.com"............................passed
And User inputs a password "posmanager".....................................passed
And User clicks login button................................................passed
Then user should see "Wrong login/password" is displayed....................passed
]]></system-out>
</testcase>
<testcase classname="Login functionality" name="Wrong login message display verification - invalid Credentials - Example #1.4" time="9.27">
<system-out><![CDATA[
Given User is on the login page.............................................passed
When User inputs an email "posmanager100@info.com"..........................passed
And User inputs a password "pomanager"......................................passed
And User clicks login button................................................passed
Then user should see "Wrong login/password" is displayed....................passed
]]></system-out>
</testcase>
<testcase classname="Login functionality" name="Fill out message display verification - Credentials - Example #1.1" time="9.149">
<failure type="io.cucumber.core.exception.CucumberException" message="Step [user should see {string} message is displayed] is defined with 0 parameters at 'com.fidexio.step_definitions.Login_StepDefinitions.userShouldSeeTheRequiredMessage()'.
However, the gherkin step has 1 arguments:
 * &quot;Please fill in this field&quot;
Step text: user should see &quot;Please fill in this field&quot; message is displayed">
<![CDATA[io.cucumber.core.exception.CucumberException: Step [user should see {string} message is displayed] is defined with 0 parameters at 'com.fidexio.step_definitions.Login_StepDefinitions.userShouldSeeTheRequiredMessage()'.
However, the gherkin step has 1 arguments:
 * "Please fill in this field"
Step text: user should see "Please fill in this field" message is displayed
	at io.cucumber.core.runner.PickleStepDefinitionMatch.arityMismatch(PickleStepDefinitionMatch.java:83)
	at io.cucumber.core.runner.PickleStepDefinitionMatch.runStep(PickleStepDefinitionMatch.java:42)
	at io.cucumber.core.runner.ExecutionMode$1.execute(ExecutionMode.java:10)
	at io.cucumber.core.runner.TestStep.executeStep(TestStep.java:84)
	at io.cucumber.core.runner.TestStep.run(TestStep.java:56)
	at io.cucumber.core.runner.PickleStepTestStep.run(PickleStepTestStep.java:51)
	at io.cucumber.core.runner.TestCase.run(TestCase.java:84)
	at io.cucumber.core.runner.Runner.runPickle(Runner.java:75)
	at io.cucumber.junit.PickleRunners$NoStepDescriptions.lambda$run$0(PickleRunners.java:151)
	at io.cucumber.core.runtime.CucumberExecutionContext.lambda$runTestCase$5(CucumberExecutionContext.java:130)
	at io.cucumber.core.runtime.RethrowingThrowableCollector.executeAndThrow(RethrowingThrowableCollector.java:23)
	at io.cucumber.core.runtime.CucumberExecutionContext.runTestCase(CucumberExecutionContext.java:130)
	at io.cucumber.junit.PickleRunners$NoStepDescriptions.run(PickleRunners.java:148)
	at io.cucumber.junit.FeatureRunner.runChild(FeatureRunner.java:144)
	at io.cucumber.junit.FeatureRunner.runChild(FeatureRunner.java:28)
	at org.junit.runners.ParentRunner$4.run(ParentRunner.java:331)
	at org.junit.runners.ParentRunner$1.schedule(ParentRunner.java:79)
	at org.junit.runners.ParentRunner.runChildren(ParentRunner.java:329)
	at org.junit.runners.ParentRunner.access$100(ParentRunner.java:66)
	at org.junit.runners.ParentRunner$2.evaluate(ParentRunner.java:293)
	at org.junit.runners.ParentRunner$3.evaluate(ParentRunner.java:306)
	at org.junit.runners.ParentRunner.run(ParentRunner.java:413)
	at io.cucumber.junit.FeatureRunner.run(FeatureRunner.java:137)
	at io.cucumber.junit.Cucumber.runChild(Cucumber.java:196)
	at io.cucumber.junit.Cucumber.runChild(Cucumber.java:89)
	at org.junit.runners.ParentRunner$4.run(ParentRunner.java:331)
	at org.junit.runners.ParentRunner$1.schedule(ParentRunner.java:79)
	at org.junit.runners.ParentRunner.runChildren(ParentRunner.java:329)
	at org.junit.runners.ParentRunner.access$100(ParentRunner.java:66)
	at org.junit.runners.ParentRunner$2.evaluate(ParentRunner.java:293)
	at io.cucumber.junit.Cucumber$RunBeforeAllHooks.evaluate(Cucumber.java:266)
	at io.cucumber.junit.Cucumber$RunAfterAllHooks.evaluate(Cucumber.java:281)
	at io.cucumber.junit.Cucumber$StartTestRun.evaluate(Cucumber.java:233)
	at io.cucumber.junit.Cucumber$FinishTestRun.evaluate(Cucumber.java:248)
	at org.junit.runners.ParentRunner$3.evaluate(ParentRunner.java:306)
	at org.junit.runners.ParentRunner.run(ParentRunner.java:413)
	at org.junit.runner.JUnitCore.run(JUnitCore.java:137)
	at com.intellij.junit4.JUnit4IdeaTestRunner.startRunnerWithArgs(JUnit4IdeaTestRunner.java:69)
	at com.intellij.rt.junit.IdeaTestRunner$Repeater$1.execute(IdeaTestRunner.java:38)
	at com.intellij.rt.execution.junit.TestsRepeater.repeat(TestsRepeater.java:11)
	at com.intellij.rt.junit.IdeaTestRunner$Repeater.startRunnerWithArgs(IdeaTestRunner.java:35)
	at com.intellij.rt.junit.JUnitStarter.prepareStreamsAndStart(JUnitStarter.java:235)
	at com.intellij.rt.junit.JUnitStarter.main(JUnitStarter.java:54)
]]>
</failure>
<system-out><![CDATA[
Given User is on the login page.............................................passed
When User inputs an email "posmanager99@info.com"...........................passed
And User inputs a password ""...............................................passed
And User clicks login button................................................passed
Then user should see "Please fill in this field" message is displayed.......failed
]]></system-out>
</testcase>
<testcase classname="Login functionality" name="Fill out message display verification - Credentials - Example #1.2" time="9.096">
<failure type="io.cucumber.core.exception.CucumberException" message="Step [user should see {string} message is displayed] is defined with 0 parameters at 'com.fidexio.step_definitions.Login_StepDefinitions.userShouldSeeTheRequiredMessage()'.
However, the gherkin step has 1 arguments:
 * &quot;Please fill in this field&quot;
Step text: user should see &quot;Please fill in this field&quot; message is displayed">
<![CDATA[io.cucumber.core.exception.CucumberException: Step [user should see {string} message is displayed] is defined with 0 parameters at 'com.fidexio.step_definitions.Login_StepDefinitions.userShouldSeeTheRequiredMessage()'.
However, the gherkin step has 1 arguments:
 * "Please fill in this field"
Step text: user should see "Please fill in this field" message is displayed
	at io.cucumber.core.runner.PickleStepDefinitionMatch.arityMismatch(PickleStepDefinitionMatch.java:83)
	at io.cucumber.core.runner.PickleStepDefinitionMatch.runStep(PickleStepDefinitionMatch.java:42)
	at io.cucumber.core.runner.ExecutionMode$1.execute(ExecutionMode.java:10)
	at io.cucumber.core.runner.TestStep.executeStep(TestStep.java:84)
	at io.cucumber.core.runner.TestStep.run(TestStep.java:56)
	at io.cucumber.core.runner.PickleStepTestStep.run(PickleStepTestStep.java:51)
	at io.cucumber.core.runner.TestCase.run(TestCase.java:84)
	at io.cucumber.core.runner.Runner.runPickle(Runner.java:75)
	at io.cucumber.junit.PickleRunners$NoStepDescriptions.lambda$run$0(PickleRunners.java:151)
	at io.cucumber.core.runtime.CucumberExecutionContext.lambda$runTestCase$5(CucumberExecutionContext.java:130)
	at io.cucumber.core.runtime.RethrowingThrowableCollector.executeAndThrow(RethrowingThrowableCollector.java:23)
	at io.cucumber.core.runtime.CucumberExecutionContext.runTestCase(CucumberExecutionContext.java:130)
	at io.cucumber.junit.PickleRunners$NoStepDescriptions.run(PickleRunners.java:148)
	at io.cucumber.junit.FeatureRunner.runChild(FeatureRunner.java:144)
	at io.cucumber.junit.FeatureRunner.runChild(FeatureRunner.java:28)
	at org.junit.runners.ParentRunner$4.run(ParentRunner.java:331)
	at org.junit.runners.ParentRunner$1.schedule(ParentRunner.java:79)
	at org.junit.runners.ParentRunner.runChildren(ParentRunner.java:329)
	at org.junit.runners.ParentRunner.access$100(ParentRunner.java:66)
	at org.junit.runners.ParentRunner$2.evaluate(ParentRunner.java:293)
	at org.junit.runners.ParentRunner$3.evaluate(ParentRunner.java:306)
	at org.junit.runners.ParentRunner.run(ParentRunner.java:413)
	at io.cucumber.junit.FeatureRunner.run(FeatureRunner.java:137)
	at io.cucumber.junit.Cucumber.runChild(Cucumber.java:196)
	at io.cucumber.junit.Cucumber.runChild(Cucumber.java:89)
	at org.junit.runners.ParentRunner$4.run(ParentRunner.java:331)
	at org.junit.runners.ParentRunner$1.schedule(ParentRunner.java:79)
	at org.junit.runners.ParentRunner.runChildren(ParentRunner.java:329)
	at org.junit.runners.ParentRunner.access$100(ParentRunner.java:66)
	at org.junit.runners.ParentRunner$2.evaluate(ParentRunner.java:293)
	at io.cucumber.junit.Cucumber$RunBeforeAllHooks.evaluate(Cucumber.java:266)
	at io.cucumber.junit.Cucumber$RunAfterAllHooks.evaluate(Cucumber.java:281)
	at io.cucumber.junit.Cucumber$StartTestRun.evaluate(Cucumber.java:233)
	at io.cucumber.junit.Cucumber$FinishTestRun.evaluate(Cucumber.java:248)
	at org.junit.runners.ParentRunner$3.evaluate(ParentRunner.java:306)
	at org.junit.runners.ParentRunner.run(ParentRunner.java:413)
	at org.junit.runner.JUnitCore.run(JUnitCore.java:137)
	at com.intellij.junit4.JUnit4IdeaTestRunner.startRunnerWithArgs(JUnit4IdeaTestRunner.java:69)
	at com.intellij.rt.junit.IdeaTestRunner$Repeater$1.execute(IdeaTestRunner.java:38)
	at com.intellij.rt.execution.junit.TestsRepeater.repeat(TestsRepeater.java:11)
	at com.intellij.rt.junit.IdeaTestRunner$Repeater.startRunnerWithArgs(IdeaTestRunner.java:35)
	at com.intellij.rt.junit.JUnitStarter.prepareStreamsAndStart(JUnitStarter.java:235)
	at com.intellij.rt.junit.JUnitStarter.main(JUnitStarter.java:54)
]]>
</failure>
<system-out><![CDATA[
Given User is on the login page.............................................passed
When User inputs an email ""................................................passed
And User inputs a password "salesmanager"...................................passed
And User clicks login button................................................passed
Then user should see "Please fill in this field" message is displayed.......failed
]]></system-out>
</testcase>
<testcase classname="Login functionality" name="Password in bullet signs verification" time="8.21">
<system-out><![CDATA[
Given User is on the login page.............................................passed
When user inputs password "salesmanager"....................................passed
Then user should see the password in bullet signs by default................passed
]]></system-out>
</testcase>
<testcase classname="Login functionality" name="‘Enter’ key of the keyboard is working correctly on the login page" time="15.027">
<system-out><![CDATA[
Given User is on the login page.............................................passed
When User inputs an email "salesmanager8@info.com"..........................passed
And User inputs a password "salesmanager"...................................passed
And User presses enter key..................................................passed
Then User should be on the homepage.........................................passed
]]></system-out>
</testcase>
</testsuite>
